<?xml version="1.0" encoding="UTF-8"?>
<testsuite xmlns:xsi="http://www.w3.org/2001/XMLSchema-instance" xsi:noNamespaceSchemaLocation="https://maven.apache.org/surefire/maven-surefire-plugin/xsd/surefire-test-report.xsd" name="com.inspur.MySQLTest" time="0.759" tests="8" errors="0" skipped="0" failures="0">
  <properties>
    <property name="sun.desktop" value="windows"/>
    <property name="awt.toolkit" value="sun.awt.windows.WToolkit"/>
    <property name="file.encoding.pkg" value="sun.io"/>
    <property name="java.specification.version" value="1.8"/>
    <property name="sun.cpu.isalist" value="amd64"/>
    <property name="sun.jnu.encoding" value="GBK"/>
    <property name="java.class.path" value="E:\workdir\jdbcPipe\target\test-classes;E:\workdir\jdbcPipe\target\classes;E:\java\repository\junit\junit\4.12\junit-4.12.jar;E:\java\repository\org\hamcrest\hamcrest-core\1.3\hamcrest-core-1.3.jar;E:\java\repository\org\projectlombok\lombok\1.18.6\lombok-1.18.6.jar;E:\java\repository\com\alibaba\druid\1.1.13\druid-1.1.13.jar;E:\java\repository\mysql\mysql-connector-java\8.0.15\mysql-connector-java-8.0.15.jar;E:\java\repository\com\google\protobuf\protobuf-java\3.6.1\protobuf-java-3.6.1.jar;E:\java\repository\org\postgresql\postgresql\42.2.5\postgresql-42.2.5.jar;E:\java\repository\com\oracle\ojdbc6\12.1.0.1-atlassian-hosted\ojdbc6-12.1.0.1-atlassian-hosted.jar;E:\java\repository\commons-net\commons-net\1.4.1\commons-net-1.4.1.jar;E:\java\repository\oro\oro\2.0.8\oro-2.0.8.jar;E:\java\repository\org\apache\logging\log4j\log4j-to-slf4j\2.11.1\log4j-to-slf4j-2.11.1.jar;E:\java\repository\org\slf4j\slf4j-api\1.7.25\slf4j-api-1.7.25.jar;E:\java\repository\org\apache\logging\log4j\log4j-api\2.11.1\log4j-api-2.11.1.jar;E:\java\repository\org\apache\commons\commons-lang3\3.8.1\commons-lang3-3.8.1.jar;E:\java\repository\commons-codec\commons-codec\1.12\commons-codec-1.12.jar;E:\java\repository\com\alibaba\fastjson\1.2.11\fastjson-1.2.11.jar;E:\java\repository\org\slf4j\slf4j-nop\1.8.0-beta2\slf4j-nop-1.8.0-beta2.jar;"/>
    <property name="java.vm.vendor" value="Oracle Corporation"/>
    <property name="sun.arch.data.model" value="64"/>
    <property name="user.variant" value=""/>
    <property name="java.vendor.url" value="http://java.oracle.com/"/>
    <property name="user.timezone" value="Asia/Shanghai"/>
    <property name="java.vm.specification.version" value="1.8"/>
    <property name="os.name" value="Windows 10"/>
    <property name="user.country" value="CN"/>
    <property name="sun.java.launcher" value="SUN_STANDARD"/>
    <property name="sun.boot.library.path" value="C:\Program Files\Java\jdk1.8.0_112\jre\bin"/>
    <property name="sun.java.command" value="C:\Users\ZHANGL~1\AppData\Local\Temp\surefire7812842115659705499\surefirebooter5295096709925198344.jar C:\Users\zhanglianyou\AppData\Local\Temp\surefire7812842115659705499 2019-02-28T15-59-07_174-jvmRun1 surefire8703046086871385769tmp surefire_07385475627243511976tmp"/>
    <property name="surefire.test.class.path" value="E:\workdir\jdbcPipe\target\test-classes;E:\workdir\jdbcPipe\target\classes;E:\java\repository\junit\junit\4.12\junit-4.12.jar;E:\java\repository\org\hamcrest\hamcrest-core\1.3\hamcrest-core-1.3.jar;E:\java\repository\org\projectlombok\lombok\1.18.6\lombok-1.18.6.jar;E:\java\repository\com\alibaba\druid\1.1.13\druid-1.1.13.jar;E:\java\repository\mysql\mysql-connector-java\8.0.15\mysql-connector-java-8.0.15.jar;E:\java\repository\com\google\protobuf\protobuf-java\3.6.1\protobuf-java-3.6.1.jar;E:\java\repository\org\postgresql\postgresql\42.2.5\postgresql-42.2.5.jar;E:\java\repository\com\oracle\ojdbc6\12.1.0.1-atlassian-hosted\ojdbc6-12.1.0.1-atlassian-hosted.jar;E:\java\repository\commons-net\commons-net\1.4.1\commons-net-1.4.1.jar;E:\java\repository\oro\oro\2.0.8\oro-2.0.8.jar;E:\java\repository\org\apache\logging\log4j\log4j-to-slf4j\2.11.1\log4j-to-slf4j-2.11.1.jar;E:\java\repository\org\slf4j\slf4j-api\1.7.25\slf4j-api-1.7.25.jar;E:\java\repository\org\apache\logging\log4j\log4j-api\2.11.1\log4j-api-2.11.1.jar;E:\java\repository\org\apache\commons\commons-lang3\3.8.1\commons-lang3-3.8.1.jar;E:\java\repository\commons-codec\commons-codec\1.12\commons-codec-1.12.jar;E:\java\repository\com\alibaba\fastjson\1.2.11\fastjson-1.2.11.jar;E:\java\repository\org\slf4j\slf4j-nop\1.8.0-beta2\slf4j-nop-1.8.0-beta2.jar;"/>
    <property name="sun.cpu.endian" value="little"/>
    <property name="user.home" value="C:\Users\zhanglianyou"/>
    <property name="user.language" value="zh"/>
    <property name="java.specification.vendor" value="Oracle Corporation"/>
    <property name="java.home" value="C:\Program Files\Java\jdk1.8.0_112\jre"/>
    <property name="basedir" value="E:\workdir\jdbcPipe"/>
    <property name="file.separator" value="\"/>
    <property name="line.separator" value="&#10;"/>
    <property name="java.vm.specification.vendor" value="Oracle Corporation"/>
    <property name="java.specification.name" value="Java Platform API Specification"/>
    <property name="java.awt.graphicsenv" value="sun.awt.Win32GraphicsEnvironment"/>
    <property name="surefire.real.class.path" value="C:\Users\ZHANGL~1\AppData\Local\Temp\surefire7812842115659705499\surefirebooter5295096709925198344.jar"/>
    <property name="sun.boot.class.path" value="C:\Program Files\Java\jdk1.8.0_112\jre\lib\resources.jar;C:\Program Files\Java\jdk1.8.0_112\jre\lib\rt.jar;C:\Program Files\Java\jdk1.8.0_112\jre\lib\sunrsasign.jar;C:\Program Files\Java\jdk1.8.0_112\jre\lib\jsse.jar;C:\Program Files\Java\jdk1.8.0_112\jre\lib\jce.jar;C:\Program Files\Java\jdk1.8.0_112\jre\lib\charsets.jar;C:\Program Files\Java\jdk1.8.0_112\jre\lib\jfr.jar;C:\Program Files\Java\jdk1.8.0_112\jre\classes"/>
    <property name="user.script" value=""/>
    <property name="sun.management.compiler" value="HotSpot 64-Bit Tiered Compilers"/>
    <property name="java.runtime.version" value="1.8.0_112-b15"/>
    <property name="user.name" value="zhanglianyou"/>
    <property name="path.separator" value=";"/>
    <property name="os.version" value="10.0"/>
    <property name="java.endorsed.dirs" value="C:\Program Files\Java\jdk1.8.0_112\jre\lib\endorsed"/>
    <property name="java.runtime.name" value="Java(TM) SE Runtime Environment"/>
    <property name="file.encoding" value="GBK"/>
    <property name="java.vm.name" value="Java HotSpot(TM) 64-Bit Server VM"/>
    <property name="localRepository" value="E:\java\repository"/>
    <property name="java.vendor.url.bug" value="http://bugreport.sun.com/bugreport/"/>
    <property name="java.io.tmpdir" value="C:\Users\ZHANGL~1\AppData\Local\Temp\"/>
    <property name="idea.version" value="2018.3"/>
    <property name="java.version" value="1.8.0_112"/>
    <property name="user.dir" value="E:\workdir\jdbcPipe"/>
    <property name="os.arch" value="amd64"/>
    <property name="java.vm.specification.name" value="Java Virtual Machine Specification"/>
    <property name="java.awt.printerjob" value="sun.awt.windows.WPrinterJob"/>
    <property name="sun.os.patch.level" value=""/>
    <property name="java.library.path" value="C:\Program Files\Java\jdk1.8.0_112\jre\bin;C:\windows\Sun\Java\bin;C:\windows\system32;C:\windows;E:\app\zhanglianyou\product\11.2.0\dbhome_3\bin;E:\app\zhanglianyou\product\11.2.0\dbhome_2\bin;E:\app\zhanglianyou\product\11.2.0\dbhome_1\bin;C:\ProgramData\Oracle\Java\javapath;C:\Program Files (x86)\Intel\Intel(R) Management Engine Components\iCLS\;C:\Program Files\Intel\Intel(R) Management Engine Components\iCLS\;C:\windows\system32;C:\windows;C:\windows\System32\Wbem;C:\windows\System32\WindowsPowerShell\v1.0\;C:\windows\System32\OpenSSH\;C:\Program Files (x86)\NVIDIA Corporation\PhysX\Common;C:\Program Files (x86)\Intel\Intel(R) Management Engine Components\DAL;C:\Program Files\Intel\Intel(R) Management Engine Components\DAL;C:\Program Files (x86)\Intel\Intel(R) Management Engine Components\IPT;C:\Program Files\Intel\Intel(R) Management Engine Components\IPT;C:\Program Files\TortoiseSVN\bin;C:\Program Files\Git\cmd;C:\Program Files\Intel\WiFi\bin\;C:\Program Files\Common Files\Intel\WirelessCommon\;C:\Users\zhanglianyou\AppData\Local\Programs\Python\Python36\Scripts\;C:\Users\zhanglianyou\AppData\Local\Programs\Python\Python36\;C:\Program Files\MySQL\MySQL Server 5.7\bin;C:\Program Files\Intel\WiFi\bin\;C:\Program Files\Common Files\Intel\WirelessCommon\;."/>
    <property name="java.vm.info" value="mixed mode"/>
    <property name="java.vendor" value="Oracle Corporation"/>
    <property name="java.vm.version" value="25.112-b15"/>
    <property name="java.ext.dirs" value="C:\Program Files\Java\jdk1.8.0_112\jre\lib\ext;C:\windows\Sun\Java\lib\ext"/>
    <property name="sun.io.unicode.encoding" value="UnicodeLittle"/>
    <property name="java.class.version" value="52.0"/>
  </properties>
  <testcase name="queryTableTest" classname="com.inspur.MySQLTest" time="0.501"/>
  <testcase name="queryTableColumnsTest" classname="com.inspur.MySQLTest" time="0.053"/>
  <testcase name="tttTest" classname="com.inspur.MySQLTest" time="0.001"/>
  <testcase name="canConnectTest" classname="com.inspur.MySQLTest" time="0.011"/>
  <testcase name="xxTest" classname="com.inspur.MySQLTest" time="0.057"/>
  <testcase name="queryTablePrimaryKeyTest" classname="com.inspur.MySQLTest" time="0.043"/>
  <testcase name="isTableExistsTest" classname="com.inspur.MySQLTest" time="0.043"/>
  <testcase name="isDatabaseConnectTest" classname="com.inspur.MySQLTest" time="0.023"/>
</testsuite>